<?xml version="1.0" encoding="UTF-8"?>
<testsuite name="practice.jyj.com.domain.posts.PostsRepositoryTest" tests="2" skipped="0" failures="0" errors="0" timestamp="2020-08-05T07:12:23" hostname="juyunjaeui-MacBookPro.local" time="0.029">
  <properties/>
  <testcase name="게시글저장_불러오기" classname="practice.jyj.com.domain.posts.PostsRepositoryTest" time="0.019"/>
  <testcase name="BaseTimeEntity_등록" classname="practice.jyj.com.domain.posts.PostsRepositoryTest" time="0.009"/>
  <system-out><![CDATA[2020-08-05 16:12:21.875  INFO 3739 --- [    Test worker] .b.t.c.SpringBootTestContextBootstrapper : Neither @ContextConfiguration nor @ContextHierarchy found for test class [practice.jyj.com.domain.posts.PostsRepositoryTest], using SpringBootContextLoader
2020-08-05 16:12:21.875  INFO 3739 --- [    Test worker] o.s.t.c.support.AbstractContextLoader    : Could not detect default resource locations for test class [practice.jyj.com.domain.posts.PostsRepositoryTest]: no resource found for suffixes {-context.xml, Context.groovy}.
2020-08-05 16:12:21.876  INFO 3739 --- [    Test worker] t.c.s.AnnotationConfigContextLoaderUtils : Could not detect default configuration classes for test class [practice.jyj.com.domain.posts.PostsRepositoryTest]: PostsRepositoryTest does not declare any static, non-private, non-final, nested classes annotated with @Configuration.
2020-08-05 16:12:21.883  INFO 3739 --- [    Test worker] .b.t.c.SpringBootTestContextBootstrapper : Found @SpringBootConfiguration practice.jyj.com.Application for test class practice.jyj.com.domain.posts.PostsRepositoryTest
2020-08-05 16:12:21.884  INFO 3739 --- [    Test worker] .b.t.c.SpringBootTestContextBootstrapper : Loaded default TestExecutionListener class names from location [META-INF/spring.factories]: [org.springframework.security.test.context.support.WithSecurityContextTestExecutionListener, org.springframework.security.test.context.support.ReactorContextTestExecutionListener, org.springframework.boot.test.autoconfigure.restdocs.RestDocsTestExecutionListener, org.springframework.boot.test.autoconfigure.web.client.MockRestServiceServerResetTestExecutionListener, org.springframework.boot.test.autoconfigure.web.servlet.MockMvcPrintOnlyOnFailureTestExecutionListener, org.springframework.boot.test.autoconfigure.web.servlet.WebDriverTestExecutionListener, org.springframework.boot.test.mock.mockito.MockitoTestExecutionListener, org.springframework.boot.test.mock.mockito.ResetMocksTestExecutionListener, org.springframework.test.context.web.ServletTestExecutionListener, org.springframework.test.context.support.DirtiesContextBeforeModesTestExecutionListener, org.springframework.test.context.support.DependencyInjectionTestExecutionListener, org.springframework.test.context.support.DirtiesContextTestExecutionListener, org.springframework.test.context.transaction.TransactionalTestExecutionListener, org.springframework.test.context.jdbc.SqlScriptsTestExecutionListener]
2020-08-05 16:12:21.885  INFO 3739 --- [    Test worker] .b.t.c.SpringBootTestContextBootstrapper : Using TestExecutionListeners: [org.springframework.test.context.web.ServletTestExecutionListener@7888cf67, org.springframework.test.context.support.DirtiesContextBeforeModesTestExecutionListener@420cfacc, org.springframework.boot.test.mock.mockito.MockitoTestExecutionListener@7b9d35c0, org.springframework.boot.test.autoconfigure.SpringBootDependencyInjectionTestExecutionListener@5b7c54b, org.springframework.test.context.support.DirtiesContextTestExecutionListener@3b7ac16d, org.springframework.test.context.transaction.TransactionalTestExecutionListener@1e858654, org.springframework.test.context.jdbc.SqlScriptsTestExecutionListener@c248371, org.springframework.security.test.context.support.WithSecurityContextTestExecutionListener@37029223, org.springframework.security.test.context.support.ReactorContextTestExecutionListener@5a9e4c07, org.springframework.boot.test.autoconfigure.restdocs.RestDocsTestExecutionListener@681bc626, org.springframework.boot.test.autoconfigure.web.client.MockRestServiceServerResetTestExecutionListener@408cef5f, org.springframework.boot.test.autoconfigure.web.servlet.MockMvcPrintOnlyOnFailureTestExecutionListener@633cfee7, org.springframework.boot.test.autoconfigure.web.servlet.WebDriverTestExecutionListener@4bea78f3, org.springframework.boot.test.mock.mockito.ResetMocksTestExecutionListener@7df6ad5e]

  .   ____          _            __ _ _
 /\\ / ___'_ __ _ _(_)_ __  __ _ \ \ \ \
( ( )\___ | '_ | '_| | '_ \/ _` | \ \ \ \
 \\/  ___)| |_)| | | | | || (_| |  ) ) ) )
  '  |____| .__|_| |_|_| |_\__, | / / / /
 =========|_|==============|___/=/_/_/_/
 :: Spring Boot ::        (v2.1.7.RELEASE)

2020-08-05 16:12:21.910  INFO 3739 --- [    Test worker] p.j.c.domain.posts.PostsRepositoryTest   : Starting PostsRepositoryTest on juyunjaeui-MacBookPro.local with PID 3739 (started by ju in /Users/ju/IdeaProjects/com.jyj.practice)
2020-08-05 16:12:21.910  INFO 3739 --- [    Test worker] p.j.c.domain.posts.PostsRepositoryTest   : The following profiles are active: oauth
2020-08-05 16:12:22.067  INFO 3739 --- [    Test worker] .s.d.r.c.RepositoryConfigurationDelegate : Bootstrapping Spring Data repositories in DEFAULT mode.
2020-08-05 16:12:22.081  INFO 3739 --- [    Test worker] .s.d.r.c.RepositoryConfigurationDelegate : Finished Spring Data repository scanning in 14ms. Found 2 repository interfaces.
2020-08-05 16:12:22.181  INFO 3739 --- [    Test worker] trationDelegate$BeanPostProcessorChecker : Bean 'org.springframework.transaction.annotation.ProxyTransactionManagementConfiguration' of type [org.springframework.transaction.annotation.ProxyTransactionManagementConfiguration$$EnhancerBySpringCGLIB$$ae174e55] is not eligible for getting processed by all BeanPostProcessors (for example: not eligible for auto-proxying)
2020-08-05 16:12:22.266  INFO 3739 --- [    Test worker] com.zaxxer.hikari.HikariDataSource       : HikariPool-2 - Starting...
2020-08-05 16:12:22.267  INFO 3739 --- [    Test worker] com.zaxxer.hikari.HikariDataSource       : HikariPool-2 - Start completed.
2020-08-05 16:12:22.291  INFO 3739 --- [    Test worker] o.hibernate.jpa.internal.util.LogHelper  : HHH000204: Processing PersistenceUnitInfo [
	name: default
	...]
2020-08-05 16:12:22.299  INFO 3739 --- [    Test worker] org.hibernate.dialect.Dialect            : HHH000400: Using dialect: org.hibernate.dialect.H2Dialect
Hibernate: drop table posts if exists
Hibernate: drop table user if exists
Hibernate: create table posts (id bigint generated by default as identity, created_date timestamp, modified_date timestamp, author varchar(255), content TEXT not null, title varchar(500) not null, primary key (id))
Hibernate: create table user (id bigint generated by default as identity, created_date timestamp, modified_date timestamp, email varchar(255) not null, name varchar(255) not null, picture varchar(255), role varchar(255) not null, primary key (id))
2020-08-05 16:12:22.342  INFO 3739 --- [    Test worker] o.h.t.schema.internal.SchemaCreatorImpl  : HHH000476: Executing import script 'org.hibernate.tool.schema.internal.exec.ScriptSourceInputNonExistentImpl@409ebaac'
2020-08-05 16:12:22.343  INFO 3739 --- [    Test worker] j.LocalContainerEntityManagerFactoryBean : Initialized JPA EntityManagerFactory for persistence unit 'default'
2020-08-05 16:12:22.520  INFO 3739 --- [    Test worker] o.h.h.i.QueryTranslatorFactoryInitiator  : HHH000397: Using ASTQueryTranslatorFactory
2020-08-05 16:12:22.640  INFO 3739 --- [    Test worker] o.s.s.web.DefaultSecurityFilterChain     : Creating filter chain: any request, [org.springframework.security.web.context.request.async.WebAsyncManagerIntegrationFilter@44960b6b, org.springframework.security.web.context.SecurityContextPersistenceFilter@fb6fa18, org.springframework.security.web.header.HeaderWriterFilter@539406b6, org.springframework.security.web.authentication.logout.LogoutFilter@675558a4, org.springframework.security.oauth2.client.web.OAuth2AuthorizationRequestRedirectFilter@385bdbfa, org.springframework.security.oauth2.client.web.OAuth2LoginAuthenticationFilter@2fb76885, org.springframework.security.web.authentication.ui.DefaultLoginPageGeneratingFilter@5f0b1f67, org.springframework.security.web.authentication.ui.DefaultLogoutPageGeneratingFilter@4bb5cb48, org.springframework.security.web.savedrequest.RequestCacheAwareFilter@5d7ac569, org.springframework.security.web.servletapi.SecurityContextHolderAwareRequestFilter@2e28c9c6, org.springframework.security.web.authentication.AnonymousAuthenticationFilter@2dd74dcf, org.springframework.security.web.session.SessionManagementFilter@38992965, org.springframework.security.web.access.ExceptionTranslationFilter@2adf0837, org.springframework.security.web.access.intercept.FilterSecurityInterceptor@7d4e4c55]
2020-08-05 16:12:22.899  INFO 3739 --- [    Test worker] o.s.s.concurrent.ThreadPoolTaskExecutor  : Initializing ExecutorService 'applicationTaskExecutor'
2020-08-05 16:12:22.912  WARN 3739 --- [    Test worker] aWebConfiguration$JpaWebMvcConfiguration : spring.jpa.open-in-view is enabled by default. Therefore, database queries may be performed during view rendering. Explicitly configure spring.jpa.open-in-view to disable this warning
2020-08-05 16:12:22.940  INFO 3739 --- [    Test worker] o.s.b.a.w.s.WelcomePageHandlerMapping    : Adding welcome page template: index
2020-08-05 16:12:23.275  INFO 3739 --- [    Test worker] s.a.ScheduledAnnotationBeanPostProcessor : No TaskScheduler/ScheduledExecutorService bean found for scheduled processing
2020-08-05 16:12:23.277  INFO 3739 --- [    Test worker] p.j.c.domain.posts.PostsRepositoryTest   : Started PostsRepositoryTest in 1.39 seconds (JVM running for 8.846)
Hibernate: insert into posts (id, created_date, modified_date, author, content, title) values (null, ?, ?, ?, ?, ?)
Hibernate: select posts0_.id as id1_0_, posts0_.created_date as created_2_0_, posts0_.modified_date as modified3_0_, posts0_.author as author4_0_, posts0_.content as content5_0_, posts0_.title as title6_0_ from posts posts0_
Hibernate: select posts0_.id as id1_0_, posts0_.created_date as created_2_0_, posts0_.modified_date as modified3_0_, posts0_.author as author4_0_, posts0_.content as content5_0_, posts0_.title as title6_0_ from posts posts0_
Hibernate: delete from posts where id=?
Hibernate: insert into posts (id, created_date, modified_date, author, content, title) values (null, ?, ?, ?, ?, ?)
Hibernate: select posts0_.id as id1_0_, posts0_.created_date as created_2_0_, posts0_.modified_date as modified3_0_, posts0_.author as author4_0_, posts0_.content as content5_0_, posts0_.title as title6_0_ from posts posts0_
>>>>>> createDate=2020-08-05T16:12:23.302, modifiedDate=2020-08-05T16:12:23.302
Hibernate: select posts0_.id as id1_0_, posts0_.created_date as created_2_0_, posts0_.modified_date as modified3_0_, posts0_.author as author4_0_, posts0_.content as content5_0_, posts0_.title as title6_0_ from posts posts0_
Hibernate: delete from posts where id=?
]]></system-out>
  <system-err><![CDATA[]]></system-err>
</testsuite>
