<?xml version="1.0" encoding="UTF-8"?>
<testsuite name="practice.jyj.com.web.PostsApicontrollerTest" tests="1" skipped="0" failures="0" errors="0" timestamp="2020-08-03T21:59:09" hostname="juyunjaeui-MacBookPro.local" time="0.439">
  <properties/>
  <testcase name="Posts_수정된다" classname="practice.jyj.com.web.PostsApicontrollerTest" time="0.439"/>
  <system-out><![CDATA[06:59:05.488 [Test worker] DEBUG org.springframework.test.context.junit4.SpringJUnit4ClassRunner - SpringJUnit4ClassRunner constructor called with [class practice.jyj.com.web.PostsApicontrollerTest]
06:59:05.496 [Test worker] DEBUG org.springframework.test.context.BootstrapUtils - Instantiating CacheAwareContextLoaderDelegate from class [org.springframework.test.context.cache.DefaultCacheAwareContextLoaderDelegate]
06:59:05.503 [Test worker] DEBUG org.springframework.test.context.BootstrapUtils - Instantiating BootstrapContext using constructor [public org.springframework.test.context.support.DefaultBootstrapContext(java.lang.Class,org.springframework.test.context.CacheAwareContextLoaderDelegate)]
06:59:05.519 [Test worker] DEBUG org.springframework.test.context.BootstrapUtils - Instantiating TestContextBootstrapper for test class [practice.jyj.com.web.PostsApicontrollerTest] from class [org.springframework.boot.test.context.SpringBootTestContextBootstrapper]
06:59:05.532 [Test worker] INFO org.springframework.boot.test.context.SpringBootTestContextBootstrapper - Neither @ContextConfiguration nor @ContextHierarchy found for test class [practice.jyj.com.web.PostsApicontrollerTest], using SpringBootContextLoader
06:59:05.535 [Test worker] DEBUG org.springframework.test.context.support.AbstractContextLoader - Did not detect default resource location for test class [practice.jyj.com.web.PostsApicontrollerTest]: class path resource [practice/jyj/com/web/PostsApicontrollerTest-context.xml] does not exist
06:59:05.535 [Test worker] DEBUG org.springframework.test.context.support.AbstractContextLoader - Did not detect default resource location for test class [practice.jyj.com.web.PostsApicontrollerTest]: class path resource [practice/jyj/com/web/PostsApicontrollerTestContext.groovy] does not exist
06:59:05.535 [Test worker] INFO org.springframework.test.context.support.AbstractContextLoader - Could not detect default resource locations for test class [practice.jyj.com.web.PostsApicontrollerTest]: no resource found for suffixes {-context.xml, Context.groovy}.
06:59:05.536 [Test worker] INFO org.springframework.test.context.support.AnnotationConfigContextLoaderUtils - Could not detect default configuration classes for test class [practice.jyj.com.web.PostsApicontrollerTest]: PostsApicontrollerTest does not declare any static, non-private, non-final, nested classes annotated with @Configuration.
06:59:05.567 [Test worker] DEBUG org.springframework.test.context.support.ActiveProfilesUtils - Could not find an 'annotation declaring class' for annotation type [org.springframework.test.context.ActiveProfiles] and class [practice.jyj.com.web.PostsApicontrollerTest]
06:59:05.642 [Test worker] DEBUG org.springframework.context.annotation.ClassPathScanningCandidateComponentProvider - Identified candidate component class: file [/Users/ju/IdeaProjects/com.jyj.practice/build/classes/java/main/practice/jyj/com/Application.class]
06:59:05.643 [Test worker] INFO org.springframework.boot.test.context.SpringBootTestContextBootstrapper - Found @SpringBootConfiguration practice.jyj.com.Application for test class practice.jyj.com.web.PostsApicontrollerTest
06:59:05.707 [Test worker] DEBUG org.springframework.boot.test.context.SpringBootTestContextBootstrapper - @TestExecutionListeners is not present for class [practice.jyj.com.web.PostsApicontrollerTest]: using defaults.
06:59:05.708 [Test worker] INFO org.springframework.boot.test.context.SpringBootTestContextBootstrapper - Loaded default TestExecutionListener class names from location [META-INF/spring.factories]: [org.springframework.boot.test.autoconfigure.restdocs.RestDocsTestExecutionListener, org.springframework.boot.test.autoconfigure.web.client.MockRestServiceServerResetTestExecutionListener, org.springframework.boot.test.autoconfigure.web.servlet.MockMvcPrintOnlyOnFailureTestExecutionListener, org.springframework.boot.test.autoconfigure.web.servlet.WebDriverTestExecutionListener, org.springframework.boot.test.mock.mockito.MockitoTestExecutionListener, org.springframework.boot.test.mock.mockito.ResetMocksTestExecutionListener, org.springframework.test.context.web.ServletTestExecutionListener, org.springframework.test.context.support.DirtiesContextBeforeModesTestExecutionListener, org.springframework.test.context.support.DependencyInjectionTestExecutionListener, org.springframework.test.context.support.DirtiesContextTestExecutionListener, org.springframework.test.context.transaction.TransactionalTestExecutionListener, org.springframework.test.context.jdbc.SqlScriptsTestExecutionListener]
06:59:05.721 [Test worker] INFO org.springframework.boot.test.context.SpringBootTestContextBootstrapper - Using TestExecutionListeners: [org.springframework.test.context.web.ServletTestExecutionListener@15d0b452, org.springframework.test.context.support.DirtiesContextBeforeModesTestExecutionListener@d417248, org.springframework.boot.test.mock.mockito.MockitoTestExecutionListener@7c454ba4, org.springframework.boot.test.autoconfigure.SpringBootDependencyInjectionTestExecutionListener@69a17b5d, org.springframework.test.context.support.DirtiesContextTestExecutionListener@7943201f, org.springframework.test.context.transaction.TransactionalTestExecutionListener@7f96de4d, org.springframework.test.context.jdbc.SqlScriptsTestExecutionListener@29d8b270, org.springframework.boot.test.autoconfigure.restdocs.RestDocsTestExecutionListener@4bc14f85, org.springframework.boot.test.autoconfigure.web.client.MockRestServiceServerResetTestExecutionListener@2b62cd3a, org.springframework.boot.test.autoconfigure.web.servlet.MockMvcPrintOnlyOnFailureTestExecutionListener@624f1aad, org.springframework.boot.test.autoconfigure.web.servlet.WebDriverTestExecutionListener@e686fa6, org.springframework.boot.test.mock.mockito.ResetMocksTestExecutionListener@4f14b489]
06:59:05.724 [Test worker] DEBUG org.springframework.test.annotation.ProfileValueUtils - Retrieved @ProfileValueSourceConfiguration [null] for test class [practice.jyj.com.web.PostsApicontrollerTest]
06:59:05.724 [Test worker] DEBUG org.springframework.test.annotation.ProfileValueUtils - Retrieved ProfileValueSource type [class org.springframework.test.annotation.SystemProfileValueSource] for class [practice.jyj.com.web.PostsApicontrollerTest]
06:59:05.727 [Test worker] DEBUG org.springframework.test.annotation.ProfileValueUtils - Retrieved @ProfileValueSourceConfiguration [null] for test class [practice.jyj.com.web.PostsApicontrollerTest]
06:59:05.727 [Test worker] DEBUG org.springframework.test.annotation.ProfileValueUtils - Retrieved ProfileValueSource type [class org.springframework.test.annotation.SystemProfileValueSource] for class [practice.jyj.com.web.PostsApicontrollerTest]
06:59:05.727 [Test worker] DEBUG org.springframework.test.annotation.ProfileValueUtils - Retrieved @ProfileValueSourceConfiguration [null] for test class [practice.jyj.com.web.PostsApicontrollerTest]
06:59:05.727 [Test worker] DEBUG org.springframework.test.annotation.ProfileValueUtils - Retrieved ProfileValueSource type [class org.springframework.test.annotation.SystemProfileValueSource] for class [practice.jyj.com.web.PostsApicontrollerTest]
06:59:05.730 [Test worker] DEBUG org.springframework.test.context.support.AbstractDirtiesContextTestExecutionListener - Before test class: context [DefaultTestContext@57da6443 testClass = PostsApicontrollerTest, testInstance = [null], testMethod = [null], testException = [null], mergedContextConfiguration = [WebMergedContextConfiguration@1972a65d testClass = PostsApicontrollerTest, locations = '{}', classes = '{class practice.jyj.com.Application}', contextInitializerClasses = '[]', activeProfiles = '{}', propertySourceLocations = '{}', propertySourceProperties = '{org.springframework.boot.test.context.SpringBootTestContextBootstrapper=true, server.port=0}', contextCustomizers = set[org.springframework.boot.test.autoconfigure.properties.PropertyMappingContextCustomizer@0, org.springframework.boot.test.autoconfigure.web.servlet.WebDriverContextCustomizerFactory$Customizer@4a43509, org.springframework.boot.test.context.filter.ExcludeFilterContextCustomizer@51d52681, org.springframework.boot.test.json.DuplicateJsonObjectContextCustomizerFactory$DuplicateJsonObjectContextCustomizer@77d7044f, org.springframework.boot.test.mock.mockito.MockitoContextCustomizer@0, org.springframework.boot.test.web.client.TestRestTemplateContextCustomizer@e20e964], resourceBasePath = 'src/main/webapp', contextLoader = 'org.springframework.boot.test.context.SpringBootContextLoader', parent = [null]], attributes = map['org.springframework.test.context.web.ServletTestExecutionListener.activateListener' -> false]], class annotated with @DirtiesContext [false] with mode [null].
06:59:05.731 [Test worker] DEBUG org.springframework.test.annotation.ProfileValueUtils - Retrieved @ProfileValueSourceConfiguration [null] for test class [practice.jyj.com.web.PostsApicontrollerTest]
06:59:05.731 [Test worker] DEBUG org.springframework.test.annotation.ProfileValueUtils - Retrieved ProfileValueSource type [class org.springframework.test.annotation.SystemProfileValueSource] for class [practice.jyj.com.web.PostsApicontrollerTest]
06:59:05.734 [Test worker] DEBUG org.springframework.test.context.support.DependencyInjectionTestExecutionListener - Performing dependency injection for test context [[DefaultTestContext@57da6443 testClass = PostsApicontrollerTest, testInstance = practice.jyj.com.web.PostsApicontrollerTest@14d9cf3b, testMethod = [null], testException = [null], mergedContextConfiguration = [WebMergedContextConfiguration@1972a65d testClass = PostsApicontrollerTest, locations = '{}', classes = '{class practice.jyj.com.Application}', contextInitializerClasses = '[]', activeProfiles = '{}', propertySourceLocations = '{}', propertySourceProperties = '{org.springframework.boot.test.context.SpringBootTestContextBootstrapper=true, server.port=0}', contextCustomizers = set[org.springframework.boot.test.autoconfigure.properties.PropertyMappingContextCustomizer@0, org.springframework.boot.test.autoconfigure.web.servlet.WebDriverContextCustomizerFactory$Customizer@4a43509, org.springframework.boot.test.context.filter.ExcludeFilterContextCustomizer@51d52681, org.springframework.boot.test.json.DuplicateJsonObjectContextCustomizerFactory$DuplicateJsonObjectContextCustomizer@77d7044f, org.springframework.boot.test.mock.mockito.MockitoContextCustomizer@0, org.springframework.boot.test.web.client.TestRestTemplateContextCustomizer@e20e964], resourceBasePath = 'src/main/webapp', contextLoader = 'org.springframework.boot.test.context.SpringBootContextLoader', parent = [null]], attributes = map['org.springframework.test.context.web.ServletTestExecutionListener.activateListener' -> false]]].
06:59:05.747 [Test worker] DEBUG org.springframework.test.context.support.TestPropertySourceUtils - Adding inlined properties to environment: {spring.jmx.enabled=false, org.springframework.boot.test.context.SpringBootTestContextBootstrapper=true, server.port=0}

  .   ____          _            __ _ _
 /\\ / ___'_ __ _ _(_)_ __  __ _ \ \ \ \
( ( )\___ | '_ | '_| | '_ \/ _` | \ \ \ \
 \\/  ___)| |_)| | | | | || (_| |  ) ) ) )
  '  |____| .__|_| |_|_| |_\__, | / / / /
 =========|_|==============|___/=/_/_/_/
 :: Spring Boot ::        (v2.1.7.RELEASE)

2020-08-04 06:59:05.947  INFO 53628 --- [    Test worker] p.jyj.com.web.PostsApicontrollerTest     : Starting PostsApicontrollerTest on juyunjaeui-MacBookPro.local with PID 53628 (started by ju in /Users/ju/IdeaProjects/com.jyj.practice)
2020-08-04 06:59:05.948  INFO 53628 --- [    Test worker] p.jyj.com.web.PostsApicontrollerTest     : No active profile set, falling back to default profiles: default
2020-08-04 06:59:06.555  INFO 53628 --- [    Test worker] .s.d.r.c.RepositoryConfigurationDelegate : Bootstrapping Spring Data repositories in DEFAULT mode.
2020-08-04 06:59:06.622  INFO 53628 --- [    Test worker] .s.d.r.c.RepositoryConfigurationDelegate : Finished Spring Data repository scanning in 60ms. Found 1 repository interfaces.
2020-08-04 06:59:07.017  INFO 53628 --- [    Test worker] trationDelegate$BeanPostProcessorChecker : Bean 'org.springframework.transaction.annotation.ProxyTransactionManagementConfiguration' of type [org.springframework.transaction.annotation.ProxyTransactionManagementConfiguration$$EnhancerBySpringCGLIB$$7cd3ac1e] is not eligible for getting processed by all BeanPostProcessors (for example: not eligible for auto-proxying)
2020-08-04 06:59:07.387  INFO 53628 --- [    Test worker] o.s.b.w.embedded.tomcat.TomcatWebServer  : Tomcat initialized with port(s): 0 (http)
2020-08-04 06:59:07.410  INFO 53628 --- [    Test worker] o.apache.catalina.core.StandardService   : Starting service [Tomcat]
2020-08-04 06:59:07.410  INFO 53628 --- [    Test worker] org.apache.catalina.core.StandardEngine  : Starting Servlet engine: [Apache Tomcat/9.0.22]
2020-08-04 06:59:07.499  INFO 53628 --- [    Test worker] o.a.c.c.C.[Tomcat].[localhost].[/]       : Initializing Spring embedded WebApplicationContext
2020-08-04 06:59:07.500  INFO 53628 --- [    Test worker] o.s.web.context.ContextLoader            : Root WebApplicationContext: initialization completed in 1533 ms
2020-08-04 06:59:07.696  INFO 53628 --- [    Test worker] com.zaxxer.hikari.HikariDataSource       : HikariPool-1 - Starting...
2020-08-04 06:59:07.831  INFO 53628 --- [    Test worker] com.zaxxer.hikari.HikariDataSource       : HikariPool-1 - Start completed.
2020-08-04 06:59:07.901  INFO 53628 --- [    Test worker] o.hibernate.jpa.internal.util.LogHelper  : HHH000204: Processing PersistenceUnitInfo [
	name: default
	...]
2020-08-04 06:59:07.956  INFO 53628 --- [    Test worker] org.hibernate.Version                    : HHH000412: Hibernate Core {5.3.10.Final}
2020-08-04 06:59:07.958  INFO 53628 --- [    Test worker] org.hibernate.cfg.Environment            : HHH000206: hibernate.properties not found
2020-08-04 06:59:08.085  INFO 53628 --- [    Test worker] o.hibernate.annotations.common.Version   : HCANN000001: Hibernate Commons Annotations {5.0.4.Final}
2020-08-04 06:59:08.221  INFO 53628 --- [    Test worker] org.hibernate.dialect.Dialect            : HHH000400: Using dialect: org.hibernate.dialect.H2Dialect
Hibernate: drop table posts if exists
Hibernate: create table posts (id bigint generated by default as identity, created_date timestamp, modified_date timestamp, author varchar(255), content TEXT not null, title varchar(500) not null, primary key (id))
2020-08-04 06:59:08.775  INFO 53628 --- [    Test worker] o.h.t.schema.internal.SchemaCreatorImpl  : HHH000476: Executing import script 'org.hibernate.tool.schema.internal.exec.ScriptSourceInputNonExistentImpl@5183e756'
2020-08-04 06:59:08.778  INFO 53628 --- [    Test worker] j.LocalContainerEntityManagerFactoryBean : Initialized JPA EntityManagerFactory for persistence unit 'default'
2020-08-04 06:59:09.042  INFO 53628 --- [    Test worker] o.h.h.i.QueryTranslatorFactoryInitiator  : HHH000397: Using ASTQueryTranslatorFactory
2020-08-04 06:59:09.622  INFO 53628 --- [    Test worker] o.s.s.concurrent.ThreadPoolTaskExecutor  : Initializing ExecutorService 'applicationTaskExecutor'
2020-08-04 06:59:09.671  WARN 53628 --- [    Test worker] aWebConfiguration$JpaWebMvcConfiguration : spring.jpa.open-in-view is enabled by default. Therefore, database queries may be performed during view rendering. Explicitly configure spring.jpa.open-in-view to disable this warning
2020-08-04 06:59:09.716  INFO 53628 --- [    Test worker] o.s.b.a.w.s.WelcomePageHandlerMapping    : Adding welcome page template: index
2020-08-04 06:59:09.971  INFO 53628 --- [    Test worker] o.s.b.w.embedded.tomcat.TomcatWebServer  : Tomcat started on port(s): 50028 (http) with context path ''
2020-08-04 06:59:09.973  INFO 53628 --- [    Test worker] p.jyj.com.web.PostsApicontrollerTest     : Started PostsApicontrollerTest in 4.225 seconds (JVM running for 4.981)
Hibernate: insert into posts (id, created_date, modified_date, author, content, title) values (null, ?, ?, ?, ?, ?)
2020-08-04 06:59:10.209  INFO 53628 --- [o-auto-1-exec-1] o.a.c.c.C.[Tomcat].[localhost].[/]       : Initializing Spring DispatcherServlet 'dispatcherServlet'
2020-08-04 06:59:10.210  INFO 53628 --- [o-auto-1-exec-1] o.s.web.servlet.DispatcherServlet        : Initializing Servlet 'dispatcherServlet'
2020-08-04 06:59:10.226  INFO 53628 --- [o-auto-1-exec-1] o.s.web.servlet.DispatcherServlet        : Completed initialization in 16 ms
Hibernate: select posts0_.id as id1_0_0_, posts0_.created_date as created_2_0_0_, posts0_.modified_date as modified3_0_0_, posts0_.author as author4_0_0_, posts0_.content as content5_0_0_, posts0_.title as title6_0_0_ from posts posts0_ where posts0_.id=?
Hibernate: update posts set created_date=?, modified_date=?, author=?, content=?, title=? where id=?
Hibernate: select posts0_.id as id1_0_, posts0_.created_date as created_2_0_, posts0_.modified_date as modified3_0_, posts0_.author as author4_0_, posts0_.content as content5_0_, posts0_.title as title6_0_ from posts posts0_
Hibernate: select posts0_.id as id1_0_, posts0_.created_date as created_2_0_, posts0_.modified_date as modified3_0_, posts0_.author as author4_0_, posts0_.content as content5_0_, posts0_.title as title6_0_ from posts posts0_
Hibernate: delete from posts where id=?
]]></system-out>
  <system-err><![CDATA[]]></system-err>
</testsuite>
