<?xml version="1.0" encoding="UTF-8"?>
<testsuite name="practice.jyj.com.web.PostsApicontrollerTest" tests="2" skipped="0" failures="0" errors="0" timestamp="2020-08-05T07:12:21" hostname="juyunjaeui-MacBookPro.local" time="0.218">
  <properties/>
  <testcase name="Posts_등록된다" classname="practice.jyj.com.web.PostsApicontrollerTest" time="0.185"/>
  <testcase name="Posts_수정된다" classname="practice.jyj.com.web.PostsApicontrollerTest" time="0.032"/>
  <system-out><![CDATA[2020-08-05 16:12:21.646  INFO 3739 --- [    Test worker] .b.t.c.SpringBootTestContextBootstrapper : Neither @ContextConfiguration nor @ContextHierarchy found for test class [practice.jyj.com.web.PostsApicontrollerTest], using SpringBootContextLoader
2020-08-05 16:12:21.647  INFO 3739 --- [    Test worker] o.s.t.c.support.AbstractContextLoader    : Could not detect default resource locations for test class [practice.jyj.com.web.PostsApicontrollerTest]: no resource found for suffixes {-context.xml, Context.groovy}.
2020-08-05 16:12:21.647  INFO 3739 --- [    Test worker] t.c.s.AnnotationConfigContextLoaderUtils : Could not detect default configuration classes for test class [practice.jyj.com.web.PostsApicontrollerTest]: PostsApicontrollerTest does not declare any static, non-private, non-final, nested classes annotated with @Configuration.
2020-08-05 16:12:21.649  INFO 3739 --- [    Test worker] .b.t.c.SpringBootTestContextBootstrapper : Found @SpringBootConfiguration practice.jyj.com.Application for test class practice.jyj.com.web.PostsApicontrollerTest
2020-08-05 16:12:21.650  INFO 3739 --- [    Test worker] .b.t.c.SpringBootTestContextBootstrapper : Loaded default TestExecutionListener class names from location [META-INF/spring.factories]: [org.springframework.security.test.context.support.WithSecurityContextTestExecutionListener, org.springframework.security.test.context.support.ReactorContextTestExecutionListener, org.springframework.boot.test.autoconfigure.restdocs.RestDocsTestExecutionListener, org.springframework.boot.test.autoconfigure.web.client.MockRestServiceServerResetTestExecutionListener, org.springframework.boot.test.autoconfigure.web.servlet.MockMvcPrintOnlyOnFailureTestExecutionListener, org.springframework.boot.test.autoconfigure.web.servlet.WebDriverTestExecutionListener, org.springframework.boot.test.mock.mockito.MockitoTestExecutionListener, org.springframework.boot.test.mock.mockito.ResetMocksTestExecutionListener, org.springframework.test.context.web.ServletTestExecutionListener, org.springframework.test.context.support.DirtiesContextBeforeModesTestExecutionListener, org.springframework.test.context.support.DependencyInjectionTestExecutionListener, org.springframework.test.context.support.DirtiesContextTestExecutionListener, org.springframework.test.context.transaction.TransactionalTestExecutionListener, org.springframework.test.context.jdbc.SqlScriptsTestExecutionListener]
2020-08-05 16:12:21.651  INFO 3739 --- [    Test worker] .b.t.c.SpringBootTestContextBootstrapper : Using TestExecutionListeners: [org.springframework.test.context.web.ServletTestExecutionListener@593f61, org.springframework.test.context.support.DirtiesContextBeforeModesTestExecutionListener@5fbf18fb, org.springframework.boot.test.mock.mockito.MockitoTestExecutionListener@7432a2dc, org.springframework.boot.test.autoconfigure.SpringBootDependencyInjectionTestExecutionListener@51df1f19, org.springframework.test.context.support.DirtiesContextTestExecutionListener@18b48074, org.springframework.test.context.transaction.TransactionalTestExecutionListener@3feb2b59, org.springframework.test.context.jdbc.SqlScriptsTestExecutionListener@5eae5a3a, org.springframework.security.test.context.support.WithSecurityContextTestExecutionListener@7720b121, org.springframework.security.test.context.support.ReactorContextTestExecutionListener@4bab2891, org.springframework.boot.test.autoconfigure.restdocs.RestDocsTestExecutionListener@2dfc735e, org.springframework.boot.test.autoconfigure.web.client.MockRestServiceServerResetTestExecutionListener@12f9351, org.springframework.boot.test.autoconfigure.web.servlet.MockMvcPrintOnlyOnFailureTestExecutionListener@73f483ec, org.springframework.boot.test.autoconfigure.web.servlet.WebDriverTestExecutionListener@6109c2a3, org.springframework.boot.test.mock.mockito.ResetMocksTestExecutionListener@2f212b5f]
2020-08-05 16:12:21.662  INFO 3739 --- [    Test worker] o.a.c.c.C.[Tomcat].[localhost].[/]       : Initializing Spring TestDispatcherServlet ''
2020-08-05 16:12:21.662  INFO 3739 --- [    Test worker] o.s.t.web.servlet.TestDispatcherServlet  : Initializing Servlet ''
2020-08-05 16:12:21.666  INFO 3739 --- [    Test worker] o.s.t.web.servlet.TestDispatcherServlet  : Completed initialization in 3 ms
Hibernate: insert into posts (id, created_date, modified_date, author, content, title) values (null, ?, ?, ?, ?, ?)
Hibernate: select posts0_.id as id1_0_, posts0_.created_date as created_2_0_, posts0_.modified_date as modified3_0_, posts0_.author as author4_0_, posts0_.content as content5_0_, posts0_.title as title6_0_ from posts posts0_
Hibernate: select posts0_.id as id1_0_, posts0_.created_date as created_2_0_, posts0_.modified_date as modified3_0_, posts0_.author as author4_0_, posts0_.content as content5_0_, posts0_.title as title6_0_ from posts posts0_
Hibernate: delete from posts where id=?
2020-08-05 16:12:21.844  INFO 3739 --- [    Test worker] o.a.c.c.C.[Tomcat].[localhost].[/]       : Initializing Spring TestDispatcherServlet ''
2020-08-05 16:12:21.844  INFO 3739 --- [    Test worker] o.s.t.web.servlet.TestDispatcherServlet  : Initializing Servlet ''
2020-08-05 16:12:21.847  INFO 3739 --- [    Test worker] o.s.t.web.servlet.TestDispatcherServlet  : Completed initialization in 3 ms
Hibernate: insert into posts (id, created_date, modified_date, author, content, title) values (null, ?, ?, ?, ?, ?)
Hibernate: select posts0_.id as id1_0_0_, posts0_.created_date as created_2_0_0_, posts0_.modified_date as modified3_0_0_, posts0_.author as author4_0_0_, posts0_.content as content5_0_0_, posts0_.title as title6_0_0_ from posts posts0_ where posts0_.id=?
Hibernate: update posts set created_date=?, modified_date=?, author=?, content=?, title=? where id=?
Hibernate: select posts0_.id as id1_0_, posts0_.created_date as created_2_0_, posts0_.modified_date as modified3_0_, posts0_.author as author4_0_, posts0_.content as content5_0_, posts0_.title as title6_0_ from posts posts0_
Hibernate: select posts0_.id as id1_0_, posts0_.created_date as created_2_0_, posts0_.modified_date as modified3_0_, posts0_.author as author4_0_, posts0_.content as content5_0_, posts0_.title as title6_0_ from posts posts0_
Hibernate: delete from posts where id=?
]]></system-out>
  <system-err><![CDATA[]]></system-err>
</testsuite>
