<?xml version="1.0" encoding="UTF-8"?>
<testsuite name="practice.jyj.com.domain.posts.PostsRepositoryTest" tests="2" skipped="0" failures="0" errors="0" timestamp="2020-08-06T17:23:50" hostname="juyunjaeui-MacBookPro.local" time="0.04">
  <properties/>
  <testcase name="게시글저장_불러오기" classname="practice.jyj.com.domain.posts.PostsRepositoryTest" time="0.026"/>
  <testcase name="BaseTimeEntity_등록" classname="practice.jyj.com.domain.posts.PostsRepositoryTest" time="0.013"/>
  <system-out><![CDATA[2020-08-07 02:23:48.705  INFO 1510 --- [    Test worker] .b.t.c.SpringBootTestContextBootstrapper : Neither @ContextConfiguration nor @ContextHierarchy found for test class [practice.jyj.com.domain.posts.PostsRepositoryTest], using SpringBootContextLoader
2020-08-07 02:23:48.706  INFO 1510 --- [    Test worker] o.s.t.c.support.AbstractContextLoader    : Could not detect default resource locations for test class [practice.jyj.com.domain.posts.PostsRepositoryTest]: no resource found for suffixes {-context.xml, Context.groovy}.
2020-08-07 02:23:48.706  INFO 1510 --- [    Test worker] t.c.s.AnnotationConfigContextLoaderUtils : Could not detect default configuration classes for test class [practice.jyj.com.domain.posts.PostsRepositoryTest]: PostsRepositoryTest does not declare any static, non-private, non-final, nested classes annotated with @Configuration.
2020-08-07 02:23:48.713  INFO 1510 --- [    Test worker] .b.t.c.SpringBootTestContextBootstrapper : Found @SpringBootConfiguration practice.jyj.com.Application for test class practice.jyj.com.domain.posts.PostsRepositoryTest
2020-08-07 02:23:48.714  INFO 1510 --- [    Test worker] .b.t.c.SpringBootTestContextBootstrapper : Loaded default TestExecutionListener class names from location [META-INF/spring.factories]: [org.springframework.boot.test.autoconfigure.restdocs.RestDocsTestExecutionListener, org.springframework.boot.test.autoconfigure.web.client.MockRestServiceServerResetTestExecutionListener, org.springframework.boot.test.autoconfigure.web.servlet.MockMvcPrintOnlyOnFailureTestExecutionListener, org.springframework.boot.test.autoconfigure.web.servlet.WebDriverTestExecutionListener, org.springframework.boot.test.mock.mockito.MockitoTestExecutionListener, org.springframework.boot.test.mock.mockito.ResetMocksTestExecutionListener, org.springframework.test.context.web.ServletTestExecutionListener, org.springframework.test.context.support.DirtiesContextBeforeModesTestExecutionListener, org.springframework.test.context.support.DependencyInjectionTestExecutionListener, org.springframework.test.context.support.DirtiesContextTestExecutionListener, org.springframework.test.context.transaction.TransactionalTestExecutionListener, org.springframework.test.context.jdbc.SqlScriptsTestExecutionListener]
2020-08-07 02:23:48.714  INFO 1510 --- [    Test worker] .b.t.c.SpringBootTestContextBootstrapper : Using TestExecutionListeners: [org.springframework.test.context.web.ServletTestExecutionListener@5e72e405, org.springframework.test.context.support.DirtiesContextBeforeModesTestExecutionListener@2813cd63, org.springframework.boot.test.mock.mockito.MockitoTestExecutionListener@63cc7450, org.springframework.boot.test.autoconfigure.SpringBootDependencyInjectionTestExecutionListener@52114e99, org.springframework.test.context.support.DirtiesContextTestExecutionListener@1b8aca12, org.springframework.test.context.transaction.TransactionalTestExecutionListener@2d4464d5, org.springframework.test.context.jdbc.SqlScriptsTestExecutionListener@2d2aebd9, org.springframework.boot.test.autoconfigure.restdocs.RestDocsTestExecutionListener@75171d63, org.springframework.boot.test.autoconfigure.web.client.MockRestServiceServerResetTestExecutionListener@38808389, org.springframework.boot.test.autoconfigure.web.servlet.MockMvcPrintOnlyOnFailureTestExecutionListener@366c3a80, org.springframework.boot.test.autoconfigure.web.servlet.WebDriverTestExecutionListener@4ce26bb7, org.springframework.boot.test.mock.mockito.ResetMocksTestExecutionListener@1538b4d]

  .   ____          _            __ _ _
 /\\ / ___'_ __ _ _(_)_ __  __ _ \ \ \ \
( ( )\___ | '_ | '_| | '_ \/ _` | \ \ \ \
 \\/  ___)| |_)| | | | | || (_| |  ) ) ) )
  '  |____| .__|_| |_|_| |_\__, | / / / /
 =========|_|==============|___/=/_/_/_/
 :: Spring Boot ::        (v2.1.7.RELEASE)

2020-08-07 02:23:48.741  INFO 1510 --- [    Test worker] p.j.c.domain.posts.PostsRepositoryTest   : Starting PostsRepositoryTest on juyunjaeui-MacBookPro.local with PID 1510 (started by ju in /Users/ju/IdeaProjects/com.jyj.practice)
2020-08-07 02:23:48.741  INFO 1510 --- [    Test worker] p.j.c.domain.posts.PostsRepositoryTest   : The following profiles are active: oauth
2020-08-07 02:23:48.892  INFO 1510 --- [    Test worker] .s.d.r.c.RepositoryConfigurationDelegate : Bootstrapping Spring Data repositories in DEFAULT mode.
2020-08-07 02:23:48.903  INFO 1510 --- [    Test worker] .s.d.r.c.RepositoryConfigurationDelegate : Finished Spring Data repository scanning in 10ms. Found 2 repository interfaces.
2020-08-07 02:23:48.996  INFO 1510 --- [    Test worker] trationDelegate$BeanPostProcessorChecker : Bean 'org.springframework.transaction.annotation.ProxyTransactionManagementConfiguration' of type [org.springframework.transaction.annotation.ProxyTransactionManagementConfiguration$$EnhancerBySpringCGLIB$$2ee45b31] is not eligible for getting processed by all BeanPostProcessors (for example: not eligible for auto-proxying)
2020-08-07 02:23:49.086  INFO 1510 --- [    Test worker] com.zaxxer.hikari.HikariDataSource       : HikariPool-2 - Starting...
2020-08-07 02:23:49.087  INFO 1510 --- [    Test worker] com.zaxxer.hikari.HikariDataSource       : HikariPool-2 - Start completed.
2020-08-07 02:23:49.106  INFO 1510 --- [    Test worker] o.hibernate.jpa.internal.util.LogHelper  : HHH000204: Processing PersistenceUnitInfo [
	name: default
	...]
2020-08-07 02:23:49.111  INFO 1510 --- [    Test worker] org.hibernate.dialect.Dialect            : HHH000400: Using dialect: org.hibernate.dialect.H2Dialect
Hibernate: drop table posts if exists
Hibernate: drop table user if exists
Hibernate: create table posts (id bigint generated by default as identity, created_date timestamp, modified_date timestamp, author varchar(255), content TEXT not null, title varchar(500) not null, primary key (id))
Hibernate: create table user (id bigint generated by default as identity, created_date timestamp, modified_date timestamp, email varchar(255) not null, name varchar(255) not null, picture varchar(255), role varchar(255) not null, primary key (id))
2020-08-07 02:23:49.160  INFO 1510 --- [    Test worker] o.h.t.schema.internal.SchemaCreatorImpl  : HHH000476: Executing import script 'org.hibernate.tool.schema.internal.exec.ScriptSourceInputNonExistentImpl@1d5a1767'
2020-08-07 02:23:49.161  INFO 1510 --- [    Test worker] j.LocalContainerEntityManagerFactoryBean : Initialized JPA EntityManagerFactory for persistence unit 'default'
2020-08-07 02:23:49.323  INFO 1510 --- [    Test worker] o.h.h.i.QueryTranslatorFactoryInitiator  : HHH000397: Using ASTQueryTranslatorFactory
2020-08-07 02:23:49.443  INFO 1510 --- [    Test worker] o.s.s.web.DefaultSecurityFilterChain     : Creating filter chain: any request, [org.springframework.security.web.context.request.async.WebAsyncManagerIntegrationFilter@9fb916e, org.springframework.security.web.context.SecurityContextPersistenceFilter@7b86dc14, org.springframework.security.web.header.HeaderWriterFilter@4d4e949f, org.springframework.security.web.authentication.logout.LogoutFilter@1f1b0a, org.springframework.security.oauth2.client.web.OAuth2AuthorizationRequestRedirectFilter@4bac64b, org.springframework.security.oauth2.client.web.OAuth2LoginAuthenticationFilter@6a99ace0, org.springframework.security.web.authentication.ui.DefaultLoginPageGeneratingFilter@4d3408c4, org.springframework.security.web.authentication.ui.DefaultLogoutPageGeneratingFilter@5c493f45, org.springframework.security.web.savedrequest.RequestCacheAwareFilter@470e045d, org.springframework.security.web.servletapi.SecurityContextHolderAwareRequestFilter@7e5d8a4f, org.springframework.security.web.authentication.AnonymousAuthenticationFilter@e932219, org.springframework.security.web.session.SessionManagementFilter@20227f07, org.springframework.security.web.access.ExceptionTranslationFilter@492eb35a, org.springframework.security.web.access.intercept.FilterSecurityInterceptor@58a1b8cc]
2020-08-07 02:23:49.694  INFO 1510 --- [    Test worker] o.s.s.concurrent.ThreadPoolTaskExecutor  : Initializing ExecutorService 'applicationTaskExecutor'
2020-08-07 02:23:49.705  WARN 1510 --- [    Test worker] aWebConfiguration$JpaWebMvcConfiguration : spring.jpa.open-in-view is enabled by default. Therefore, database queries may be performed during view rendering. Explicitly configure spring.jpa.open-in-view to disable this warning
2020-08-07 02:23:49.729  INFO 1510 --- [    Test worker] o.s.b.a.w.s.WelcomePageHandlerMapping    : Adding welcome page template: index
2020-08-07 02:23:50.125  INFO 1510 --- [    Test worker] s.a.ScheduledAnnotationBeanPostProcessor : No TaskScheduler/ScheduledExecutorService bean found for scheduled processing
2020-08-07 02:23:50.127  INFO 1510 --- [    Test worker] p.j.c.domain.posts.PostsRepositoryTest   : Started PostsRepositoryTest in 1.411 seconds (JVM running for 10.542)
Hibernate: insert into posts (id, created_date, modified_date, author, content, title) values (null, ?, ?, ?, ?, ?)
Hibernate: select posts0_.id as id1_0_, posts0_.created_date as created_2_0_, posts0_.modified_date as modified3_0_, posts0_.author as author4_0_, posts0_.content as content5_0_, posts0_.title as title6_0_ from posts posts0_
Hibernate: select posts0_.id as id1_0_, posts0_.created_date as created_2_0_, posts0_.modified_date as modified3_0_, posts0_.author as author4_0_, posts0_.content as content5_0_, posts0_.title as title6_0_ from posts posts0_
Hibernate: delete from posts where id=?
Hibernate: insert into posts (id, created_date, modified_date, author, content, title) values (null, ?, ?, ?, ?, ?)
Hibernate: select posts0_.id as id1_0_, posts0_.created_date as created_2_0_, posts0_.modified_date as modified3_0_, posts0_.author as author4_0_, posts0_.content as content5_0_, posts0_.title as title6_0_ from posts posts0_
>>>>>> createDate=2020-08-07T02:23:50.178, modifiedDate=2020-08-07T02:23:50.178
Hibernate: select posts0_.id as id1_0_, posts0_.created_date as created_2_0_, posts0_.modified_date as modified3_0_, posts0_.author as author4_0_, posts0_.content as content5_0_, posts0_.title as title6_0_ from posts posts0_
Hibernate: delete from posts where id=?
]]></system-out>
  <system-err><![CDATA[]]></system-err>
</testsuite>
